Unity Editor version:    2021.3.5f1c1 (23e20ff61267)
Branch:                  2021.3/china_unity/release
Build type:              Release
Batch mode:              YES
macOS version:           Version 12.3.1 (Build 21E258)
Darwin version:          21.4.0
Architecture:            x86_64
Running under Rosetta:   NO
Available memory:        16384 MB
Using pre-set license
Pro License: YES

COMMAND LINE ARGUMENTS:
/Applications/Unity/Hub/Editor/2021.3.5f1c1/Unity.app/Contents/MacOS/Unity
-adb2
-batchMode
-noUpm
-name
AssetImportWorker0
-projectPath
/Users/caojian/Desktop/CJUnityDemo/CJUnityLibrary
-logFile
Logs/AssetImportWorker0.log
-srvPort
54522
Successfully changed project path to: /Users/caojian/Desktop/CJUnityDemo/CJUnityLibrary
/Users/caojian/Desktop/CJUnityDemo/CJUnityLibrary
[UnityMemory] Configuration Parameters - Can be set up in boot.config
    "memorysetup-bucket-allocator-granularity=16"
    "memorysetup-bucket-allocator-bucket-count=8"
    "memorysetup-bucket-allocator-block-size=33554432"
    "memorysetup-bucket-allocator-block-count=8"
    "memorysetup-main-allocator-block-size=16777216"
    "memorysetup-thread-allocator-block-size=16777216"
    "memorysetup-gfx-main-allocator-block-size=16777216"
    "memorysetup-gfx-thread-allocator-block-size=16777216"
    "memorysetup-cache-allocator-block-size=4194304"
    "memorysetup-typetree-allocator-block-size=2097152"
    "memorysetup-profiler-bucket-allocator-granularity=16"
    "memorysetup-profiler-bucket-allocator-bucket-count=8"
    "memorysetup-profiler-bucket-allocator-block-size=33554432"
    "memorysetup-profiler-bucket-allocator-block-count=8"
    "memorysetup-profiler-allocator-block-size=16777216"
    "memorysetup-profiler-editor-allocator-block-size=1048576"
    "memorysetup-temp-allocator-size-main=16777216"
    "memorysetup-job-temp-allocator-block-size=2097152"
    "memorysetup-job-temp-allocator-block-size-background=1048576"
    "memorysetup-job-temp-allocator-reduction-small-platforms=262144"
    "memorysetup-temp-allocator-size-background-worker=32768"
    "memorysetup-temp-allocator-size-job-worker=262144"
    "memorysetup-temp-allocator-size-preload-manager=33554432"
    "memorysetup-temp-allocator-size-nav-mesh-worker=65536"
    "memorysetup-temp-allocator-size-audio-worker=65536"
    "memorysetup-temp-allocator-size-cloud-worker=32768"
    "memorysetup-temp-allocator-size-gi-baking-worker=262144"
    "memorysetup-temp-allocator-size-gfx=262144"
AS: AutoStreaming module initializing.
Refreshing native plugins compatible for Editor in 125.52 ms, found 4 plugins.
Preloading 1 native plugins for Editor in 1.17 ms.
Initialize engine version: 2021.3.5f1c1 (23e20ff61267)
[Subsystems] Discovering subsystems at path /Applications/Unity/Hub/Editor/2021.3.5f1c1/Unity.app/Contents/Resources/UnitySubsystems
[Subsystems] Discovering subsystems at path /Users/caojian/Desktop/CJUnityDemo/CJUnityLibrary/Assets
GfxDevice: creating device client; threaded=0; jobified=0
Color LCD preferred device: AMD Radeon Pro 5500M (high power)
Metal devices available: 2
0: AMD Radeon Pro 5500M (high power)
1: Intel(R) UHD Graphics 630 (low power)
Using device AMD Radeon Pro 5500M (high power)
Initializing Metal device caps: AMD Radeon Pro 5500M
Initialize mono
Mono path[0] = '/Applications/Unity/Hub/Editor/2021.3.5f1c1/Unity.app/Contents/Managed'
Mono path[1] = '/Applications/Unity/Hub/Editor/2021.3.5f1c1/Unity.app/Contents/MonoBleedingEdge/lib/mono/unityjit-macos'
Mono config path = '/Applications/Unity/Hub/Editor/2021.3.5f1c1/Unity.app/Contents/MonoBleedingEdge/etc'
Using monoOptions --debugger-agent=transport=dt_socket,embedding=1,server=y,suspend=n,address=127.0.0.1:56568
Begin MonoManager ReloadAssembly
Registering precompiled unity dll's ...
Register platform support module: /Applications/Unity/Hub/Editor/2021.3.5f1c1/Unity.app/Contents/PlaybackEngines/MacStandaloneSupport/UnityEditor.OSXStandalone.Extensions.dll
Register platform support module: /Applications/Unity/Hub/Editor/2021.3.5f1c1/PlaybackEngines/AndroidPlayer/UnityEditor.Android.Extensions.dll
Register platform support module: /Applications/Unity/Hub/Editor/2021.3.5f1c1/PlaybackEngines/WindowsStandaloneSupport/UnityEditor.WindowsStandalone.Extensions.dll
Registered in 0.002911 seconds.
Native extension for WindowsStandalone target not found
Native extension for Android target not found
Native extension for OSXStandalone target not found
Refreshing native plugins compatible for Editor in 109.59 ms, found 4 plugins.
Preloading 1 native plugins for Editor in 0.52 ms.
Mono: successfully reloaded assembly
- Completed reload, in  0.945 seconds
Domain Reload Profiling:
	ReloadAssembly (946ms)
		BeginReloadAssembly (129ms)
			ExecutionOrderSort (0ms)
			DisableScriptedObjects (0ms)
			BackupInstance (0ms)
			ReleaseScriptingObjects (0ms)
			CreateAndSetChildDomain (1ms)
		EndReloadAssembly (662ms)
			LoadAssemblies (131ms)
			RebuildTransferFunctionScriptingTraits (0ms)
			SetupTypeCache (160ms)
			ReleaseScriptCaches (0ms)
			RebuildScriptCaches (42ms)
			SetupLoadedEditorAssemblies (391ms)
				LogAssemblyErrors (0ms)
				InitializePlatformSupportModulesInManaged (80ms)
				SetLoadedEditorAssemblies (0ms)
				RefreshPlugins (110ms)
				BeforeProcessingInitializeOnLoad (2ms)
				ProcessInitializeOnLoadAttributes (137ms)
				ProcessInitializeOnLoadMethodAttributes (61ms)
				AfterProcessingInitializeOnLoad (0ms)
				EditorAssembliesLoaded (0ms)
			ExecutionOrderSort2 (0ms)
			AwakeInstancesAfterBackupRestoration (0ms)
Platform modules already initialized, skipping
Registering precompiled user dll's ...
Registered in 0.010021 seconds.
Begin MonoManager ReloadAssembly
Symbol file LoadedFromMemory doesn't match image /Users/caojian/Desktop/CJUnityDemo/CJUnityLibrary/Library/PackageCache/com.unity.visualscripting@1.7.8/Editor/VisualScripting.Core/Dependencies/YamlDotNet/Unity.VisualScripting.YamlDotNet.dll
Symbol file LoadedFromMemory doesn't match image /Users/caojian/Desktop/CJUnityDemo/CJUnityLibrary/Library/PackageCache/com.unity.visualscripting@1.7.8/Editor/VisualScripting.Core/Dependencies/DotNetZip/Unity.VisualScripting.IonicZip.dll
Native extension for WindowsStandalone target not found
Native extension for Android target not found
Native extension for OSXStandalone target not found
Refreshing native plugins compatible for Editor in 0.64 ms, found 4 plugins.
Preloading 1 native plugins for Editor in 0.23 ms.
PXRLog [Build Check]RegisterBuildPlayerHandler,Already Do not show: False
UnityEngine.StackTraceUtility:ExtractStackTrace () (at /Users/bokken/buildslave/unity/build/Runtime/Export/Scripting/StackTrace.cs:37)
UnityEngine.DebugLogHandler:LogFormat (UnityEngine.LogType,UnityEngine.Object,string,object[])
UnityEngine.Logger:Log (UnityEngine.LogType,object)
UnityEngine.Debug:Log (object)
Unity.XR.PXR.Editor.PXR_SDKBuildCheck:.cctor () (at /Users/caojian/Downloads/Pico Unity Integration SDK-2/Editor/PXR_SDKBuildCheck.cs:30)
System.Runtime.CompilerServices.RuntimeHelpers:RunClassConstructor (System.RuntimeTypeHandle)
UnityEditor.EditorAssemblies:ProcessInitializeOnLoadAttributes (System.Type[]) (at /Users/bokken/buildslave/unity/build/Editor/Mono/EditorAssemblies.cs:126)

(Filename: /Users/caojian/Downloads/Pico Unity Integration SDK-2/Editor/PXR_SDKBuildCheck.cs Line: 30)

Package Manager log level set to [2]
Mono: successfully reloaded assembly
- Completed reload, in  1.604 seconds
Domain Reload Profiling:
	ReloadAssembly (1605ms)
		BeginReloadAssembly (235ms)
			ExecutionOrderSort (0ms)
			DisableScriptedObjects (8ms)
			BackupInstance (0ms)
			ReleaseScriptingObjects (0ms)
			CreateAndSetChildDomain (132ms)
		EndReloadAssembly (1209ms)
			LoadAssemblies (155ms)
			RebuildTransferFunctionScriptingTraits (0ms)
			SetupTypeCache (399ms)
			ReleaseScriptCaches (5ms)
			RebuildScriptCaches (84ms)
			SetupLoadedEditorAssemblies (490ms)
				LogAssemblyErrors (0ms)
				InitializePlatformSupportModulesInManaged (16ms)
				SetLoadedEditorAssemblies (1ms)
				RefreshPlugins (1ms)
				BeforeProcessingInitializeOnLoad (96ms)
				ProcessInitializeOnLoadAttributes (328ms)
				ProcessInitializeOnLoadMethodAttributes (46ms)
				AfterProcessingInitializeOnLoad (1ms)
				EditorAssembliesLoaded (0ms)
			ExecutionOrderSort2 (0ms)
			AwakeInstancesAfterBackupRestoration (7ms)
Platform modules already initialized, skipping
========================================================================
Worker process is ready to serve import requests
Launching external process: /Applications/Unity/Hub/Editor/2021.3.5f1c1/Unity.app/Contents/Tools/UnityShaderCompiler
Launched and connected shader compiler UnityShaderCompiler after 0.07 seconds
Refreshing native plugins compatible for Editor in 0.66 ms, found 4 plugins.
Preloading 1 native plugins for Editor in 0.24 ms.
Unloading 3640 Unused Serialized files (Serialized files now loaded: 0)
Unloading 37 unused Assets / (43.3 KB). Loaded Objects now: 4091.
Memory consumption went from 245.8 MB to 245.7 MB.
Total: 4.115979 ms (FindLiveObjects: 0.303797 ms CreateObjectMapping: 0.300433 ms MarkObjects: 3.400414 ms  DeleteObjects: 0.110435 ms)

AssetImportParameters requested are different than current active one (requested -> active):
  custom:video-decoder-ogg-theora: a1e56fd34408186e4bbccfd4996cb3dc -> 
  custom:container-muxer-webm: aa71ff27fc2769a1b78a27578f13a17b -> 
  custom:container-demuxer-webm: 4f35f7cbe854078d1ac9338744f61a02 -> 
  custom:video-encoder-webm-vp8: eb34c28f22e8b96e1ab97ce403110664 -> 
  custom:framework-osx-AVFoundation: e770b220cccbd017edd2c1fefb359320 -> 
  custom:audio-encoder-webm-vorbis: bf7c407c2cedff20999df2af8eb42d56 -> 
  custom:container-demuxer-ogg: 62fdf1f143b41e24485cea50d1cbac27 -> 
  custom:video-decoder-webm-vp8: 9c59270c3fd7afecdb556c50c9e8de78 -> 
  custom:audio-decoder-ogg-vorbis: bf7c407c2cedff20999df2af8eb42d56 -> 
========================================================================
Received Import Request.
  Time since last request: 354131.886045 seconds.
  path: Assets/Scenes
  artifactKey: Guid(6ea315d0fd7389c41b19996891e99ae3) Importer(815301076,1909f56bfc062723c751e8b465ee728b)
Start importing Assets/Scenes using Guid(6ea315d0fd7389c41b19996891e99ae3) Importer(815301076,1909f56bfc062723c751e8b465ee728b)  -> (artifact id: 'b8193726cff86800c54781cdc6d54904') in 0.008776 seconds 
========================================================================
Received Import Request.
  Time since last request: 39.639513 seconds.
  path: Assets/Scenes/CJKeyboardScene.unity
  artifactKey: Guid(e8cd68cb9235e4d0abb4f613718b7d58) Importer(815301076,1909f56bfc062723c751e8b465ee728b)
Start importing Assets/Scenes/CJKeyboardScene.unity using Guid(e8cd68cb9235e4d0abb4f613718b7d58) Importer(815301076,1909f56bfc062723c751e8b465ee728b)  -> (artifact id: '7b5f3f61d4c00ce2ba03b5afd9c151a0') in 0.000952 seconds 
========================================================================
Received Import Request.
  Time since last request: 6.637581 seconds.
  path: Assets/Scenes/CJKeyboardSceneTest.unity
  artifactKey: Guid(e8cd68cb9235e4d0abb4f613718b7d58) Importer(815301076,1909f56bfc062723c751e8b465ee728b)
Start importing Assets/Scenes/CJKeyboardSceneTest.unity using Guid(e8cd68cb9235e4d0abb4f613718b7d58) Importer(815301076,1909f56bfc062723c751e8b465ee728b)  -> (artifact id: 'fabc7abefcf2e8f8a5bb5147dd763f8f') in 0.001024 seconds 
========================================================================
Received Import Request.
  Time since last request: 1.675223 seconds.
  path: Assets/Scenes/SampleScene.unity
  artifactKey: Guid(9fc0d4010bbf28b4594072e72b8655ab) Importer(815301076,1909f56bfc062723c751e8b465ee728b)
Start importing Assets/Scenes/SampleScene.unity using Guid(9fc0d4010bbf28b4594072e72b8655ab) Importer(815301076,1909f56bfc062723c751e8b465ee728b)  -> (artifact id: 'e55ccaa32d8e5c1de03c07a5412c8c3c') in 0.000967 seconds 
========================================================================
Received Import Request.
  Time since last request: 67.438856 seconds.
  path: Assets
  artifactKey: Guid(00000000000000001000000000000000) Importer(815301076,1909f56bfc062723c751e8b465ee728b)
Start importing Assets using Guid(00000000000000001000000000000000) Importer(815301076,1909f56bfc062723c751e8b465ee728b)  -> (artifact id: '79842766b460edbeab6a34051e857a80') in 0.000846 seconds 
========================================================================
Received Import Request.
  Time since last request: 31.960601 seconds.
  path: Assets/Resources
  artifactKey: Guid(399655100f4234983a088e8f19e59d97) Importer(815301076,1909f56bfc062723c751e8b465ee728b)
Start importing Assets/Resources using Guid(399655100f4234983a088e8f19e59d97) Importer(815301076,1909f56bfc062723c751e8b465ee728b)  -> (artifact id: '86f39d0dfa36ab15bfd32f12263ecb57') in 0.000755 seconds 
========================================================================
Received Import Request.
  Time since last request: 0.175224 seconds.
  path: Assets/CJUIComm
  artifactKey: Guid(eed96dc14cc1a462eb01b8d4309b91b9) Importer(815301076,1909f56bfc062723c751e8b465ee728b)
Start importing Assets/CJUIComm using Guid(eed96dc14cc1a462eb01b8d4309b91b9) Importer(815301076,1909f56bfc062723c751e8b465ee728b)  -> (artifact id: 'ec2f7d2b88959166cd68de4ba9d40fd4') in 0.001304 seconds 
========================================================================
Received Import Request.
  Time since last request: 9.078018 seconds.
  path: Assets/CJUIComponent
  artifactKey: Guid(eed96dc14cc1a462eb01b8d4309b91b9) Importer(815301076,1909f56bfc062723c751e8b465ee728b)
Start importing Assets/CJUIComponent using Guid(eed96dc14cc1a462eb01b8d4309b91b9) Importer(815301076,1909f56bfc062723c751e8b465ee728b)  -> (artifact id: '6d5623ee48232e2cb08af9a8b3c19e9d') in 0.000729 seconds 
========================================================================
Received Import Request.
  Time since last request: 14.568558 seconds.
  path: Assets/CJUIComponent/New Folder
  artifactKey: Guid(4564d289cd6da49b2acaae9cfb661d5a) Importer(815301076,1909f56bfc062723c751e8b465ee728b)
Start importing Assets/CJUIComponent/New Folder using Guid(4564d289cd6da49b2acaae9cfb661d5a) Importer(815301076,1909f56bfc062723c751e8b465ee728b)  -> (artifact id: '4d82be7e987eef21196df28093450fd7') in 0.001124 seconds 
========================================================================
Received Import Request.
  Time since last request: 13.935587 seconds.
  path: Assets/CJUIComponent/CJKeyboard
  artifactKey: Guid(4564d289cd6da49b2acaae9cfb661d5a) Importer(815301076,1909f56bfc062723c751e8b465ee728b)
Start importing Assets/CJUIComponent/CJKeyboard using Guid(4564d289cd6da49b2acaae9cfb661d5a) Importer(815301076,1909f56bfc062723c751e8b465ee728b)  -> (artifact id: 'b0d9c5d3f81a59386b675bd4c79afad3') in 0.000741 seconds 
========================================================================
Received Import Request.
  Time since last request: 30.509576 seconds.
  path: Assets/CJUIComponent/CJKeyboard/Resources
  artifactKey: Guid(94fff23c73add4c10b1c030a694e2e63) Importer(815301076,1909f56bfc062723c751e8b465ee728b)
Start importing Assets/CJUIComponent/CJKeyboard/Resources using Guid(94fff23c73add4c10b1c030a694e2e63) Importer(815301076,1909f56bfc062723c751e8b465ee728b)  -> (artifact id: '855c09b2040d4a4b44bdd6f09a026d7c') in 0.000927 seconds 
========================================================================
Received Import Request.
  Time since last request: 16.734225 seconds.
  path: Assets/CJUIComponent/CJKeyboard/Resources/Prefabs
  artifactKey: Guid(f0f79e1bd53454298b2af1ba333e8f8a) Importer(815301076,1909f56bfc062723c751e8b465ee728b)
Start importing Assets/CJUIComponent/CJKeyboard/Resources/Prefabs using Guid(f0f79e1bd53454298b2af1ba333e8f8a) Importer(815301076,1909f56bfc062723c751e8b465ee728b)  -> (artifact id: '21a51995537fcc144f1cbfb287386039') in 0.001344 seconds 
========================================================================
Received Import Request.
  Time since last request: 277.811287 seconds.
  path: Assets/CJUIComponent/CJKeyboard/Resources/KeyboardLayOut/KeyBoard-LAYOUT.prefab
  artifactKey: Guid(da45cd4a72c57a742bcab45ac2e7ccb4) Importer(815301076,1909f56bfc062723c751e8b465ee728b)
Start importing Assets/CJUIComponent/CJKeyboard/Resources/KeyboardLayOut/KeyBoard-LAYOUT.prefab using Guid(da45cd4a72c57a742bcab45ac2e7ccb4) Importer(815301076,1909f56bfc062723c751e8b465ee728b)  -> (artifact id: 'f101df1940b01eb929e463960b6469cd') in 0.431434 seconds 
========================================================================
Received Import Request.
  Time since last request: 47.078134 seconds.
  path: Assets/CJUIComponent/CJKeyboard/Scripts
  artifactKey: Guid(d491fce4137c64de89e7d59aaddc78d7) Importer(815301076,1909f56bfc062723c751e8b465ee728b)
Start importing Assets/CJUIComponent/CJKeyboard/Scripts using Guid(d491fce4137c64de89e7d59aaddc78d7) Importer(815301076,1909f56bfc062723c751e8b465ee728b)  -> (artifact id: 'd6e3546e310d91645606c605145157cb') in 0.000905 seconds 
========================================================================
Received Import Request.
  Time since last request: 79.536337 seconds.
  path: Assets/CJUIComponent/CJKeyboard/Scripts/CJInputField.cs
  artifactKey: Guid(9a1e12979564741e4a98fed65faba24c) Importer(815301076,1909f56bfc062723c751e8b465ee728b)
Start importing Assets/CJUIComponent/CJKeyboard/Scripts/CJInputField.cs using Guid(9a1e12979564741e4a98fed65faba24c) Importer(815301076,1909f56bfc062723c751e8b465ee728b)  -> (artifact id: '55ed77116431295d4918a6680ca14a03') in 0.119253 seconds 
