Unity Editor version:    2021.3.5f1c1 (23e20ff61267)
Branch:                  2021.3/china_unity/release
Build type:              Release
Batch mode:              YES
macOS version:           Version 12.6 (Build 21G115)
Darwin version:          21.6.0
Architecture:            x86_64
Running under Rosetta:   NO
Available memory:        16384 MB
Using pre-set license
Pro License: YES

COMMAND LINE ARGUMENTS:
/Applications/Unity/Hub/Editor/2021.3.5f1c1/Unity.app/Contents/MacOS/Unity
-adb2
-batchMode
-noUpm
-name
AssetImportWorker0
-projectPath
/Users/caojian/Desktop/CJUnityDemo/CJUnityLibrary
-logFile
Logs/AssetImportWorker0.log
-srvPort
53211
Successfully changed project path to: /Users/caojian/Desktop/CJUnityDemo/CJUnityLibrary
/Users/caojian/Desktop/CJUnityDemo/CJUnityLibrary
[UnityMemory] Configuration Parameters - Can be set up in boot.config
    "memorysetup-bucket-allocator-granularity=16"
    "memorysetup-bucket-allocator-bucket-count=8"
    "memorysetup-bucket-allocator-block-size=33554432"
    "memorysetup-bucket-allocator-block-count=8"
    "memorysetup-main-allocator-block-size=16777216"
    "memorysetup-thread-allocator-block-size=16777216"
    "memorysetup-gfx-main-allocator-block-size=16777216"
    "memorysetup-gfx-thread-allocator-block-size=16777216"
    "memorysetup-cache-allocator-block-size=4194304"
    "memorysetup-typetree-allocator-block-size=2097152"
    "memorysetup-profiler-bucket-allocator-granularity=16"
    "memorysetup-profiler-bucket-allocator-bucket-count=8"
    "memorysetup-profiler-bucket-allocator-block-size=33554432"
    "memorysetup-profiler-bucket-allocator-block-count=8"
    "memorysetup-profiler-allocator-block-size=16777216"
    "memorysetup-profiler-editor-allocator-block-size=1048576"
    "memorysetup-temp-allocator-size-main=16777216"
    "memorysetup-job-temp-allocator-block-size=2097152"
    "memorysetup-job-temp-allocator-block-size-background=1048576"
    "memorysetup-job-temp-allocator-reduction-small-platforms=262144"
    "memorysetup-temp-allocator-size-background-worker=32768"
    "memorysetup-temp-allocator-size-job-worker=262144"
    "memorysetup-temp-allocator-size-preload-manager=33554432"
    "memorysetup-temp-allocator-size-nav-mesh-worker=65536"
    "memorysetup-temp-allocator-size-audio-worker=65536"
    "memorysetup-temp-allocator-size-cloud-worker=32768"
    "memorysetup-temp-allocator-size-gi-baking-worker=262144"
    "memorysetup-temp-allocator-size-gfx=262144"
AS: AutoStreaming module initializing.
Refreshing native plugins compatible for Editor in 89.34 ms, found 2 plugins.
Preloading 0 native plugins for Editor in 0.00 ms.
Initialize engine version: 2021.3.5f1c1 (23e20ff61267)
[Subsystems] Discovering subsystems at path /Applications/Unity/Hub/Editor/2021.3.5f1c1/Unity.app/Contents/Resources/UnitySubsystems
[Subsystems] Discovering subsystems at path /Users/caojian/Desktop/CJUnityDemo/CJUnityLibrary/Assets
GfxDevice: creating device client; threaded=0; jobified=0
DELL U2419HS preferred device: AMD Radeon Pro 5500M (high power)
Metal devices available: 2
0: AMD Radeon Pro 5500M (high power)
1: Intel(R) UHD Graphics 630 (low power)
Using device AMD Radeon Pro 5500M (high power)
Initializing Metal device caps: AMD Radeon Pro 5500M
Initialize mono
Mono path[0] = '/Applications/Unity/Hub/Editor/2021.3.5f1c1/Unity.app/Contents/Managed'
Mono path[1] = '/Applications/Unity/Hub/Editor/2021.3.5f1c1/Unity.app/Contents/MonoBleedingEdge/lib/mono/unityjit-macos'
Mono config path = '/Applications/Unity/Hub/Editor/2021.3.5f1c1/Unity.app/Contents/MonoBleedingEdge/etc'
Using monoOptions --debugger-agent=transport=dt_socket,embedding=1,server=y,suspend=n,address=127.0.0.1:56762
Begin MonoManager ReloadAssembly
Registering precompiled unity dll's ...
Register platform support module: /Applications/Unity/Hub/Editor/2021.3.5f1c1/Unity.app/Contents/PlaybackEngines/MacStandaloneSupport/UnityEditor.OSXStandalone.Extensions.dll
Register platform support module: /Applications/Unity/Hub/Editor/2021.3.5f1c1/PlaybackEngines/AndroidPlayer/UnityEditor.Android.Extensions.dll
Register platform support module: /Applications/Unity/Hub/Editor/2021.3.5f1c1/PlaybackEngines/WindowsStandaloneSupport/UnityEditor.WindowsStandalone.Extensions.dll
Registered in 0.001281 seconds.
Native extension for WindowsStandalone target not found
Native extension for Android target not found
Native extension for OSXStandalone target not found
Refreshing native plugins compatible for Editor in 77.88 ms, found 2 plugins.
Preloading 0 native plugins for Editor in 0.00 ms.
Mono: successfully reloaded assembly
- Completed reload, in  0.750 seconds
Domain Reload Profiling:
	ReloadAssembly (750ms)
		BeginReloadAssembly (92ms)
			ExecutionOrderSort (0ms)
			DisableScriptedObjects (0ms)
			BackupInstance (0ms)
			ReleaseScriptingObjects (0ms)
			CreateAndSetChildDomain (1ms)
		EndReloadAssembly (525ms)
			LoadAssemblies (94ms)
			RebuildTransferFunctionScriptingTraits (0ms)
			SetupTypeCache (136ms)
			ReleaseScriptCaches (0ms)
			RebuildScriptCaches (39ms)
			SetupLoadedEditorAssemblies (293ms)
				LogAssemblyErrors (0ms)
				InitializePlatformSupportModulesInManaged (58ms)
				SetLoadedEditorAssemblies (0ms)
				RefreshPlugins (78ms)
				BeforeProcessingInitializeOnLoad (1ms)
				ProcessInitializeOnLoadAttributes (105ms)
				ProcessInitializeOnLoadMethodAttributes (50ms)
				AfterProcessingInitializeOnLoad (0ms)
				EditorAssembliesLoaded (0ms)
			ExecutionOrderSort2 (0ms)
			AwakeInstancesAfterBackupRestoration (0ms)
Platform modules already initialized, skipping
Registering precompiled user dll's ...
Registered in 0.002158 seconds.
Android Extension - Scanning For ADB Devices 592 ms
Begin MonoManager ReloadAssembly
Symbol file LoadedFromMemory doesn't match image /Users/caojian/Desktop/CJUnityDemo/CJUnityLibrary/Library/PackageCache/com.unity.visualscripting@1.7.8/Editor/VisualScripting.Core/Dependencies/YamlDotNet/Unity.VisualScripting.YamlDotNet.dll
Symbol file LoadedFromMemory doesn't match image /Users/caojian/Desktop/CJUnityDemo/CJUnityLibrary/Library/PackageCache/com.unity.visualscripting@1.7.8/Editor/VisualScripting.Core/Dependencies/DotNetZip/Unity.VisualScripting.IonicZip.dll
Native extension for WindowsStandalone target not found
Native extension for Android target not found
Native extension for OSXStandalone target not found
Refreshing native plugins compatible for Editor in 0.74 ms, found 2 plugins.
Preloading 0 native plugins for Editor in 0.00 ms.
Package Manager log level set to [2]
Mono: successfully reloaded assembly
- Completed reload, in  1.369 seconds
Domain Reload Profiling:
	ReloadAssembly (1370ms)
		BeginReloadAssembly (140ms)
			ExecutionOrderSort (0ms)
			DisableScriptedObjects (9ms)
			BackupInstance (0ms)
			ReleaseScriptingObjects (0ms)
			CreateAndSetChildDomain (35ms)
		EndReloadAssembly (1105ms)
			LoadAssemblies (139ms)
			RebuildTransferFunctionScriptingTraits (0ms)
			SetupTypeCache (354ms)
			ReleaseScriptCaches (1ms)
			RebuildScriptCaches (69ms)
			SetupLoadedEditorAssemblies (484ms)
				LogAssemblyErrors (0ms)
				InitializePlatformSupportModulesInManaged (18ms)
				SetLoadedEditorAssemblies (1ms)
				RefreshPlugins (1ms)
				BeforeProcessingInitializeOnLoad (97ms)
				ProcessInitializeOnLoadAttributes (325ms)
				ProcessInitializeOnLoadMethodAttributes (41ms)
				AfterProcessingInitializeOnLoad (1ms)
				EditorAssembliesLoaded (0ms)
			ExecutionOrderSort2 (0ms)
			AwakeInstancesAfterBackupRestoration (4ms)
Platform modules already initialized, skipping
========================================================================
Worker process is ready to serve import requests
Launching external process: /Applications/Unity/Hub/Editor/2021.3.5f1c1/Unity.app/Contents/Tools/UnityShaderCompiler
Launched and connected shader compiler UnityShaderCompiler after 0.07 seconds
Refreshing native plugins compatible for Editor in 0.60 ms, found 2 plugins.
Preloading 0 native plugins for Editor in 0.00 ms.
Unloading 3653 Unused Serialized files (Serialized files now loaded: 0)
Unloading 26 unused Assets / (43.4 KB). Loaded Objects now: 4117.
Memory consumption went from 249.3 MB to 249.3 MB.
Total: 3.726612 ms (FindLiveObjects: 0.290475 ms CreateObjectMapping: 0.221673 ms MarkObjects: 3.107907 ms  DeleteObjects: 0.105780 ms)

AssetImportParameters requested are different than current active one (requested -> active):
  custom:video-decoder-ogg-theora: a1e56fd34408186e4bbccfd4996cb3dc -> 
  custom:container-muxer-webm: aa71ff27fc2769a1b78a27578f13a17b -> 
  custom:container-demuxer-webm: 4f35f7cbe854078d1ac9338744f61a02 -> 
  custom:video-encoder-webm-vp8: eb34c28f22e8b96e1ab97ce403110664 -> 
  custom:framework-osx-AVFoundation: e770b220cccbd017edd2c1fefb359320 -> 
  custom:audio-encoder-webm-vorbis: bf7c407c2cedff20999df2af8eb42d56 -> 
  custom:container-demuxer-ogg: 62fdf1f143b41e24485cea50d1cbac27 -> 
  custom:video-decoder-webm-vp8: 9c59270c3fd7afecdb556c50c9e8de78 -> 
  custom:audio-decoder-ogg-vorbis: bf7c407c2cedff20999df2af8eb42d56 -> 
========================================================================
Received Import Request.
  Time since last request: 337792.054989 seconds.
  path: Assets/ProceduralUIImage/Demo/Icons
  artifactKey: Guid(ab629d94d0705984ab4964dd68ca8c26) Importer(815301076,1909f56bfc062723c751e8b465ee728b)
Start importing Assets/ProceduralUIImage/Demo/Icons using Guid(ab629d94d0705984ab4964dd68ca8c26) Importer(815301076,1909f56bfc062723c751e8b465ee728b)  -> (artifact id: '9a8f97a08b7bde7fa3ec421fc87bcab3') in 0.008287 seconds 
========================================================================
Received Import Request.
  Time since last request: 1.229414 seconds.
  path: Assets/ProceduralUIImage/Demo/demo_examples.unity
  artifactKey: Guid(306db2aa0cadecd4a82e2332d694d2c4) Importer(815301076,1909f56bfc062723c751e8b465ee728b)
Start importing Assets/ProceduralUIImage/Demo/demo_examples.unity using Guid(306db2aa0cadecd4a82e2332d694d2c4) Importer(815301076,1909f56bfc062723c751e8b465ee728b)  -> (artifact id: 'ad8c5be59acf5700142ffedb8faeeb38') in 0.000852 seconds 
========================================================================
Received Import Request.
  Time since last request: 45.717868 seconds.
  path: Assets/ProceduralUIImage/Demo/Icons/menu.png
  artifactKey: Guid(1e89069d5617de74cbf4544c6effa15b) Importer(815301076,1909f56bfc062723c751e8b465ee728b)
Start importing Assets/ProceduralUIImage/Demo/Icons/menu.png using Guid(1e89069d5617de74cbf4544c6effa15b) Importer(815301076,1909f56bfc062723c751e8b465ee728b)  -> (artifact id: '3540c6bca4721124f279be41bc5e40de') in 0.881979 seconds 
========================================================================
Received Import Request.
  Time since last request: 44.630200 seconds.
  path: Assets/ProceduralUIImage/Resources/procedural_ui_image_default_sprite.png
  artifactKey: Guid(3f91331724a9da84197e9b6d94f0483c) Importer(815301076,1909f56bfc062723c751e8b465ee728b)
Start importing Assets/ProceduralUIImage/Resources/procedural_ui_image_default_sprite.png using Guid(3f91331724a9da84197e9b6d94f0483c) Importer(815301076,1909f56bfc062723c751e8b465ee728b)  -> (artifact id: '098dade1712f31e1bd8fce3d56bde175') in 0.011263 seconds 
========================================================================
Received Import Request.
  Time since last request: 10.426321 seconds.
  path: Assets/ProceduralUIImage/Resources/Shaders/ProceduralImageRuntime.shader
  artifactKey: Guid(27d83044d20c5de4e9d57d35e4fda368) Importer(815301076,1909f56bfc062723c751e8b465ee728b)
Start importing Assets/ProceduralUIImage/Resources/Shaders/ProceduralImageRuntime.shader using Guid(27d83044d20c5de4e9d57d35e4fda368) Importer(815301076,1909f56bfc062723c751e8b465ee728b)  -> (artifact id: '22f60eb0648d456a1acce2f6e1d60a04') in 0.619402 seconds 
========================================================================
Received Import Request.
  Time since last request: 3.797133 seconds.
  path: Assets/ProceduralUIImage/Scripts/ProceduralImage.cs
  artifactKey: Guid(41f1c5417c9d7ab4b84e531f83f60a4b) Importer(815301076,1909f56bfc062723c751e8b465ee728b)
Start importing Assets/ProceduralUIImage/Scripts/ProceduralImage.cs using Guid(41f1c5417c9d7ab4b84e531f83f60a4b) Importer(815301076,1909f56bfc062723c751e8b465ee728b)  -> (artifact id: '19ca049e17830e89af6ab412fb13a240') in 0.340118 seconds 
========================================================================
Received Import Request.
  Time since last request: 8.213097 seconds.
  path: Assets/ProceduralUIImage/Scripts/ProceduralImageModifier.cs
  artifactKey: Guid(cd3dc79489c3ee540859c99623006e48) Importer(815301076,1909f56bfc062723c751e8b465ee728b)
Start importing Assets/ProceduralUIImage/Scripts/ProceduralImageModifier.cs using Guid(cd3dc79489c3ee540859c99623006e48) Importer(815301076,1909f56bfc062723c751e8b465ee728b)  -> (artifact id: '47fecc4d1ddab6030558a8f86f68d0cd') in 0.001448 seconds 
========================================================================
Received Import Request.
  Time since last request: 6.055655 seconds.
  path: Assets/ProceduralUIImage/Scripts
  artifactKey: Guid(5f008a1827e8fbd4fa10f759de61e812) Importer(815301076,1909f56bfc062723c751e8b465ee728b)
Start importing Assets/ProceduralUIImage/Scripts using Guid(5f008a1827e8fbd4fa10f759de61e812) Importer(815301076,1909f56bfc062723c751e8b465ee728b)  -> (artifact id: 'eaa5bc5912985a5e4de36b82c904018f') in 0.001816 seconds 
========================================================================
Received Import Request.
  Time since last request: 1.771753 seconds.
  path: Assets/ProceduralUIImage/Scripts/Attributes/ModifierID.cs
  artifactKey: Guid(efc355d944d0e4f4fa194f44e00d4168) Importer(815301076,1909f56bfc062723c751e8b465ee728b)
Start importing Assets/ProceduralUIImage/Scripts/Attributes/ModifierID.cs using Guid(efc355d944d0e4f4fa194f44e00d4168) Importer(815301076,1909f56bfc062723c751e8b465ee728b)  -> (artifact id: '054b7a4d75e92f790870679e6fe4b0e4') in 0.001310 seconds 
========================================================================
Received Import Request.
  Time since last request: 11.724048 seconds.
  path: Assets/ProceduralUIImage
  artifactKey: Guid(5b210f10b4362465480b1ef90ef8542e) Importer(815301076,1909f56bfc062723c751e8b465ee728b)
Start importing Assets/ProceduralUIImage using Guid(5b210f10b4362465480b1ef90ef8542e) Importer(815301076,1909f56bfc062723c751e8b465ee728b)  -> (artifact id: '04ce59c6a37f0bc23b6049946250e57c') in 0.001009 seconds 
========================================================================
Received Prepare
Registering precompiled user dll's ...
Registered in 0.002341 seconds.
Begin MonoManager ReloadAssembly
Symbol file LoadedFromMemory doesn't match image /Users/caojian/Desktop/CJUnityDemo/CJUnityLibrary/Library/PackageCache/com.unity.visualscripting@1.7.8/Editor/VisualScripting.Core/Dependencies/YamlDotNet/Unity.VisualScripting.YamlDotNet.dll
Symbol file LoadedFromMemory doesn't match image /Users/caojian/Desktop/CJUnityDemo/CJUnityLibrary/Library/PackageCache/com.unity.visualscripting@1.7.8/Editor/VisualScripting.Core/Dependencies/DotNetZip/Unity.VisualScripting.IonicZip.dll
Native extension for WindowsStandalone target not found
Native extension for Android target not found
Native extension for OSXStandalone target not found
Refreshing native plugins compatible for Editor in 0.59 ms, found 2 plugins.
Preloading 0 native plugins for Editor in 0.00 ms.
Mono: successfully reloaded assembly
- Completed reload, in  1.232 seconds
Domain Reload Profiling:
	ReloadAssembly (1233ms)
		BeginReloadAssembly (153ms)
			ExecutionOrderSort (0ms)
			DisableScriptedObjects (6ms)
			BackupInstance (0ms)
			ReleaseScriptingObjects (0ms)
			CreateAndSetChildDomain (63ms)
		EndReloadAssembly (958ms)
			LoadAssemblies (81ms)
			RebuildTransferFunctionScriptingTraits (0ms)
			SetupTypeCache (332ms)
			ReleaseScriptCaches (1ms)
			RebuildScriptCaches (60ms)
			SetupLoadedEditorAssemblies (408ms)
				LogAssemblyErrors (0ms)
				InitializePlatformSupportModulesInManaged (25ms)
				SetLoadedEditorAssemblies (1ms)
				RefreshPlugins (1ms)
				BeforeProcessingInitializeOnLoad (73ms)
				ProcessInitializeOnLoadAttributes (278ms)
				ProcessInitializeOnLoadMethodAttributes (30ms)
				AfterProcessingInitializeOnLoad (1ms)
				EditorAssembliesLoaded (0ms)
			ExecutionOrderSort2 (0ms)
			AwakeInstancesAfterBackupRestoration (4ms)
Platform modules already initialized, skipping
Refreshing native plugins compatible for Editor in 1.24 ms, found 2 plugins.
Preloading 0 native plugins for Editor in 0.00 ms.
Unloading 3631 Unused Serialized files (Serialized files now loaded: 0)
Unloading 18 unused Assets / (22.0 KB). Loaded Objects now: 4128.
Memory consumption went from 267.1 MB to 267.0 MB.
Total: 3.714445 ms (FindLiveObjects: 0.276236 ms CreateObjectMapping: 0.178718 ms MarkObjects: 3.210462 ms  DeleteObjects: 0.048405 ms)

AssetImportParameters requested are different than current active one (requested -> active):
  custom:video-decoder-ogg-theora: a1e56fd34408186e4bbccfd4996cb3dc -> 
  custom:container-muxer-webm: aa71ff27fc2769a1b78a27578f13a17b -> 
  custom:container-demuxer-webm: 4f35f7cbe854078d1ac9338744f61a02 -> 
  custom:video-encoder-webm-vp8: eb34c28f22e8b96e1ab97ce403110664 -> 
  custom:framework-osx-AVFoundation: e770b220cccbd017edd2c1fefb359320 -> 
  custom:audio-encoder-webm-vorbis: bf7c407c2cedff20999df2af8eb42d56 -> 
  custom:container-demuxer-ogg: 62fdf1f143b41e24485cea50d1cbac27 -> 
  custom:video-decoder-webm-vp8: 9c59270c3fd7afecdb556c50c9e8de78 -> 
  custom:audio-decoder-ogg-vorbis: bf7c407c2cedff20999df2af8eb42d56 -> 
========================================================================
Received Import Request.
  Time since last request: 28.061120 seconds.
  path: Assets/CJUIComponent/ProceduralUIImage/Scripts/Modifiers/OnlyOneEdgeModifier.cs
  artifactKey: Guid(909e24a5b7051a54aa63c95782b11a31) Importer(815301076,1909f56bfc062723c751e8b465ee728b)
Start importing Assets/CJUIComponent/ProceduralUIImage/Scripts/Modifiers/OnlyOneEdgeModifier.cs using Guid(909e24a5b7051a54aa63c95782b11a31) Importer(815301076,1909f56bfc062723c751e8b465ee728b)  -> (artifact id: '6bf797bf6e3ab98f3f3d41205d7a60a7') in 0.006962 seconds 
========================================================================
Received Import Request.
  Time since last request: 100.021345 seconds.
  path: Assets/CJUIComponent/ProceduralUIImage/Scripts/Attributes
  artifactKey: Guid(8fa7014f72d5c3242baf47d498e9f5d9) Importer(815301076,1909f56bfc062723c751e8b465ee728b)
Start importing Assets/CJUIComponent/ProceduralUIImage/Scripts/Attributes using Guid(8fa7014f72d5c3242baf47d498e9f5d9) Importer(815301076,1909f56bfc062723c751e8b465ee728b)  -> (artifact id: 'b18983a528f88f31576d5093f8ed3b19') in 0.000927 seconds 
